<?xml version="1.0" encoding="UTF-8"?>
<!-- Generated by org.testng.reporters.JUnitXMLReporter -->
<testsuite ignored="4" hostname="Kathys-MacBook-Air.local" failures="1" tests="1" name="Regression Test" time="0.191" errors="0" timestamp="2020-01-19T13:22:51 EST">
  <testcase classname="com.HRMS.TestCases.LeaveListIsDisplayed" name="LeaveLabelValidation" time="0.06">
    <failure type="java.lang.NullPointerException">
      <![CDATA[java.lang.NullPointerException
at org.openqa.selenium.support.pagefactory.DefaultElementLocator.findElement(DefaultElementLocator.java:69)
at org.openqa.selenium.support.pagefactory.internal.LocatingElementHandler.invoke(LocatingElementHandler.java:38)
at com.sun.proxy.$Proxy12.clear(Unknown Source)
at com.HRMS.Utils.CommonMethods.sendText(CommonMethods.java:181)
at com.HRMS.TestCases.LeaveListIsDisplayed.LeaveLabelValidation(LeaveListIsDisplayed.java:21)
at java.base/java.util.ArrayList.forEach(ArrayList.java:1540)
... Removed 27 stack frames]]>
    </failure>
  </testcase> <!-- LeaveLabelValidation -->
  <testcase classname="com.HRMS.TestCases.EmptyMessageError" name="Login" time="0.0">
    <ignored/>
  </testcase> <!-- Login -->
  <testcase classname="com.HRMS.TestCases.ClassTask" name="AddEmployee" time="0.0">
    <ignored/>
  </testcase> <!-- AddEmployee -->
  <testcase classname="com.HRMS.TestCases.LoginTest" name="LoginTest" time="0.0">
    <ignored/>
  </testcase> <!-- LoginTest -->
  <testcase classname="com.HRMS.TestCases.EmptyMessageError" name="negativeLogin" time="0.0">
    <ignored/>
  </testcase> <!-- negativeLogin -->
</testsuite> <!-- Regression Test -->
