<?xml version="1.0" encoding="UTF-8"?>
<!-- Generated by org.testng.reporters.JUnitXMLReporter -->
<testsuite ignored="14" hostname="Kathys-MacBook-Air.local" failures="0" tests="2" name="Regression Test" time="21.036" errors="0" timestamp="2020-01-25T13:58:59 EST">
  <testcase classname="com.HRMS.TestCases.LeaveListPageTest" name="leaveLabelvalidation3" time="5.122"/>
  <testcase classname="com.HRMS.TestCases.LeaveListPageTest" name="leaveLabelvalidation4" time="5.057"/>
  <testcase classname="com.HRMS.TestCases.LoginPageTest" name="multipleLogin" time="0.0">
    <ignored/>
  </testcase> <!-- multipleLogin -->
  <testcase classname="com.HRMS.TestCases.ClassTask" name="AddEmployee" time="0.0">
    <ignored/>
  </testcase> <!-- AddEmployee -->
  <testcase classname="com.HRMS.TestCases.SendDataToExcel" name="writeToExcel" time="0.0">
    <ignored/>
  </testcase> <!-- writeToExcel -->
  <testcase classname="com.HRMS.TestBase.BaseClass" name="@AfterTest writeReport" time="0.0">
    <ignored/>
  </testcase> <!-- @AfterTest writeReport -->
  <testcase classname="com.HRMS.TestBase.BaseClass" name="@AfterTest writeReport" time="0.0">
    <ignored/>
  </testcase> <!-- @AfterTest writeReport -->
  <testcase classname="com.HRMS.TestBase.BaseClass" name="@AfterTest writeReport" time="0.0">
    <ignored/>
  </testcase> <!-- @AfterTest writeReport -->
  <testcase classname="com.HRMS.TestBase.BaseClass" name="@AfterTest writeReport" time="0.0">
    <ignored/>
  </testcase> <!-- @AfterTest writeReport -->
  <testcase classname="com.HRMS.TestBase.BaseClass" name="@AfterTest writeReport" time="0.0">
    <ignored/>
  </testcase> <!-- @AfterTest writeReport -->
  <testcase classname="com.HRMS.TestCases.LoginTest" name="LoginTest" time="0.0">
    <ignored/>
  </testcase> <!-- LoginTest -->
  <testcase classname="com.HRMS.TestBase.BaseClass" name="@BeforeTest generateReports" time="0.0">
    <ignored/>
  </testcase> <!-- @BeforeTest generateReports -->
  <testcase classname="com.HRMS.TestBase.BaseClass" name="@BeforeTest generateReports" time="0.0">
    <ignored/>
  </testcase> <!-- @BeforeTest generateReports -->
  <testcase classname="com.HRMS.TestBase.BaseClass" name="@BeforeTest generateReports" time="0.0">
    <ignored/>
  </testcase> <!-- @BeforeTest generateReports -->
  <testcase classname="com.HRMS.TestBase.BaseClass" name="@BeforeTest generateReports" time="0.0">
    <ignored/>
  </testcase> <!-- @BeforeTest generateReports -->
  <testcase classname="com.HRMS.TestBase.BaseClass" name="@BeforeTest generateReports" time="0.0">
    <ignored/>
  </testcase> <!-- @BeforeTest generateReports -->
</testsuite> <!-- Regression Test -->
