<?xml version="1.0" encoding="UTF-8"?>
<testng-results ignored="0" total="1" passed="1" failed="0" skipped="0">
  <reporter-output>
  </reporter-output>
  <suite started-at="2020-01-19T15:02:32 EST" name="Default suite" finished-at="2020-01-19T15:02:32 EST" duration-ms="85">
    <groups>
    </groups>
    <test started-at="2020-01-19T15:02:32 EST" name="Default test" finished-at="2020-01-19T15:02:32 EST" duration-ms="85">
      <class name="com.Practice.PropertiesDemo">
        <test-method signature="read()[pri:0, instance:com.Practice.PropertiesDemo@568bf312]" started-at="2020-01-19T15:02:32 EST" name="read" finished-at="2020-01-19T15:02:32 EST" duration-ms="28" status="PASS">
          <reporter-output>
          </reporter-output>
        </test-method> <!-- read -->
      </class> <!-- com.Practice.PropertiesDemo -->
    </test> <!-- Default test -->
  </suite> <!-- Default suite -->
</testng-results>
